<?xml version="1.0" encoding="UTF-8"?>
<testng-results ignored="0" total="1" passed="1" failed="0" skipped="0">
  <reporter-output>
  </reporter-output>
  <suite started-at="2025-01-28T11:45:02 IST" name="Default suite" finished-at="2025-01-28T11:45:22 IST" duration-ms="19714">
    <groups>
    </groups>
    <test started-at="2025-01-28T11:45:02 IST" name="Default test" finished-at="2025-01-28T11:45:22 IST" duration-ms="19714">
      <class name="com.wise.testcases.TC001__Login_and_Create_session">
        <test-method is-config="true" signature="loadConfig()[pri:0, instance:com.wise.testcases.TC001__Login_and_Create_session@54d9d12d]" started-at="2025-01-28T11:45:03 IST" name="loadConfig" finished-at="2025-01-28T11:45:03 IST" duration-ms="5" status="PASS">
          <reporter-output>
          </reporter-output>
        </test-method> <!-- loadConfig -->
        <test-method is-config="true" signature="getDriver()[pri:0, instance:com.wise.testcases.TC001__Login_and_Create_session@54d9d12d]" started-at="2025-01-28T11:45:03 IST" name="getDriver" finished-at="2025-01-28T11:45:03 IST" duration-ms="1" status="PASS">
          <reporter-output>
          </reporter-output>
        </test-method> <!-- getDriver -->
        <test-method is-config="true" signature="launchBrowser()[pri:0, instance:com.wise.testcases.TC001__Login_and_Create_session@54d9d12d]" started-at="2025-01-28T11:45:03 IST" name="launchBrowser" finished-at="2025-01-28T11:45:07 IST" duration-ms="4859" status="PASS">
          <reporter-output>
          </reporter-output>
        </test-method> <!-- launchBrowser -->
        <test-method signature="login_Create_Session()[pri:0, instance:com.wise.testcases.TC001__Login_and_Create_session@54d9d12d]" started-at="2025-01-28T11:45:07 IST" name="login_Create_Session" finished-at="2025-01-28T11:45:22 IST" duration-ms="14647" status="PASS">
          <reporter-output>
          </reporter-output>
        </test-method> <!-- login_Create_Session -->
      </class> <!-- com.wise.testcases.TC001__Login_and_Create_session -->
    </test> <!-- Default test -->
  </suite> <!-- Default suite -->
</testng-results>
